<?xml version="1.0" encoding="UTF-8"?>
<testng-results ignored="0" total="2" passed="2" failed="0" skipped="0">
  <reporter-output>
  </reporter-output>
  <suite started-at="2024-01-07T14:41:37 IST" name="Suite" finished-at="2024-01-07T14:42:35 IST" duration-ms="58289">
    <groups>
    </groups>
    <test started-at="2024-01-07T14:41:37 IST" name="Test" finished-at="2024-01-07T14:42:03 IST" duration-ms="25901">
      <class name="in.debasish.testCases.AddRemoveItemBasketTest">
        <test-method is-config="true" signature="setup()[pri:0, instance:in.debasish.testCases.AddRemoveItemBasketTest@3d285d7e]" started-at="2024-01-07T14:41:37 IST" name="setup" finished-at="2024-01-07T14:41:47 IST" duration-ms="10554" status="PASS">
          <reporter-output>
          </reporter-output>
        </test-method> <!-- setup -->
        <test-method signature="addRemoveItem()[pri:0, instance:in.debasish.testCases.AddRemoveItemBasketTest@3d285d7e]" started-at="2024-01-07T14:41:47 IST" name="addRemoveItem" finished-at="2024-01-07T14:42:02 IST" duration-ms="15151" status="PASS">
          <reporter-output>
          </reporter-output>
        </test-method> <!-- addRemoveItem -->
        <test-method is-config="true" signature="tearDown()[pri:0, instance:in.debasish.testCases.AddRemoveItemBasketTest@3d285d7e]" started-at="2024-01-07T14:42:02 IST" name="tearDown" finished-at="2024-01-07T14:42:03 IST" duration-ms="129" status="PASS">
          <reporter-output>
          </reporter-output>
        </test-method> <!-- tearDown -->
      </class> <!-- in.debasish.testCases.AddRemoveItemBasketTest -->
    </test> <!-- Test -->
    <test started-at="2024-01-07T14:42:03 IST" name="Test2" finished-at="2024-01-07T14:42:35 IST" duration-ms="32335">
      <class name="in.debasish.testCases.OrderCompleteTest">
        <test-method is-config="true" signature="setup()[pri:0, instance:in.debasish.testCases.OrderCompleteTest@5fbe4146]" started-at="2024-01-07T14:42:03 IST" name="setup" finished-at="2024-01-07T14:42:07 IST" duration-ms="4465" status="PASS">
          <reporter-output>
          </reporter-output>
        </test-method> <!-- setup -->
        <test-method signature="endToEndTest()[pri:0, instance:in.debasish.testCases.OrderCompleteTest@5fbe4146]" started-at="2024-01-07T14:42:07 IST" name="endToEndTest" finished-at="2024-01-07T14:42:35 IST" duration-ms="27709" status="PASS">
          <reporter-output>
          </reporter-output>
        </test-method> <!-- endToEndTest -->
        <test-method is-config="true" signature="tearDown()[pri:0, instance:in.debasish.testCases.OrderCompleteTest@5fbe4146]" started-at="2024-01-07T14:42:35 IST" name="tearDown" finished-at="2024-01-07T14:42:35 IST" duration-ms="156" status="PASS">
          <reporter-output>
          </reporter-output>
        </test-method> <!-- tearDown -->
      </class> <!-- in.debasish.testCases.OrderCompleteTest -->
    </test> <!-- Test2 -->
  </suite> <!-- Suite -->
</testng-results>
