<?xml version="1.0" encoding="UTF-8"?>
<testng-results ignored="0" total="1" passed="1" failed="0" skipped="0">
  <reporter-output>
  </reporter-output>
  <suite started-at="2024-02-29T20:51:55 IST" name="UkAutomation" finished-at="2024-02-29T20:52:05 IST" duration-ms="9377">
    <groups>
    </groups>
    <test started-at="2024-02-29T20:51:55 IST" name="LoginTest" finished-at="2024-02-29T20:52:05 IST" duration-ms="9377">
      <class name="in.debasish.testCases.GetAllItemsTest">
        <test-method is-config="true" signature="setUp()[pri:0, instance:in.debasish.testCases.GetAllItemsTest@16f7b4af]" started-at="2024-02-29T20:51:49 IST" name="setUp" finished-at="2024-02-29T20:51:55 IST" duration-ms="6385" status="PASS">
          <reporter-output>
          </reporter-output>
        </test-method> <!-- setUp -->
        <test-method signature="getAlltheContent()[pri:0, instance:in.debasish.testCases.GetAllItemsTest@16f7b4af]" started-at="2024-02-29T20:51:55 IST" name="getAlltheContent" finished-at="2024-02-29T20:52:05 IST" duration-ms="9316" status="PASS">
          <reporter-output>
          </reporter-output>
        </test-method> <!-- getAlltheContent -->
        <test-method is-config="true" signature="tearDown()[pri:0, instance:in.debasish.testCases.GetAllItemsTest@16f7b4af]" started-at="2024-02-29T20:52:05 IST" name="tearDown" finished-at="2024-02-29T20:52:05 IST" duration-ms="69" status="PASS">
          <reporter-output>
          </reporter-output>
        </test-method> <!-- tearDown -->
      </class> <!-- in.debasish.testCases.GetAllItemsTest -->
    </test> <!-- LoginTest -->
  </suite> <!-- UkAutomation -->
</testng-results>
